c:\users\nursu\source\repos\graphics001\graphics001\x64\debug\vc143.pdb
c:\users\nursu\source\repos\graphics001\graphics001\x64\debug\vc143.idb
c:\users\nursu\source\repos\graphics001\graphics001\x64\debug\main.obj
c:\users\nursu\source\repos\graphics001\x64\debug\graphics001.pdb
c:\users\nursu\source\repos\graphics001\graphics001\x64\debug\graphics001.tlog\cl.command.1.tlog
c:\users\nursu\source\repos\graphics001\graphics001\x64\debug\graphics001.tlog\cl.read.1.tlog
c:\users\nursu\source\repos\graphics001\graphics001\x64\debug\graphics001.tlog\cl.write.1.tlog
c:\users\nursu\source\repos\graphics001\graphics001\x64\debug\graphics001.tlog\link-cvtres.read.1.tlog
c:\users\nursu\source\repos\graphics001\graphics001\x64\debug\graphics001.tlog\link-cvtres.write.1.tlog
c:\users\nursu\source\repos\graphics001\graphics001\x64\debug\graphics001.tlog\link-rc.read.1.tlog
c:\users\nursu\source\repos\graphics001\graphics001\x64\debug\graphics001.tlog\link-rc.write.1.tlog
c:\users\nursu\source\repos\graphics001\graphics001\x64\debug\graphics001.tlog\link.23952-cvtres.read.1.tlog
c:\users\nursu\source\repos\graphics001\graphics001\x64\debug\graphics001.tlog\link.23952-cvtres.write.1.tlog
c:\users\nursu\source\repos\graphics001\graphics001\x64\debug\graphics001.tlog\link.23952-rc.read.1.tlog
c:\users\nursu\source\repos\graphics001\graphics001\x64\debug\graphics001.tlog\link.23952-rc.write.1.tlog
c:\users\nursu\source\repos\graphics001\graphics001\x64\debug\graphics001.tlog\link.23952.read.1.tlog
c:\users\nursu\source\repos\graphics001\graphics001\x64\debug\graphics001.tlog\link.23952.read.2.tlog
c:\users\nursu\source\repos\graphics001\graphics001\x64\debug\graphics001.tlog\link.23952.write.1.tlog
c:\users\nursu\source\repos\graphics001\graphics001\x64\debug\graphics001.tlog\link.command.1.tlog
c:\users\nursu\source\repos\graphics001\graphics001\x64\debug\graphics001.tlog\link.read.1.tlog
c:\users\nursu\source\repos\graphics001\graphics001\x64\debug\graphics001.tlog\link.read.2.tlog
c:\users\nursu\source\repos\graphics001\graphics001\x64\debug\graphics001.tlog\link.read.3.tlog
c:\users\nursu\source\repos\graphics001\graphics001\x64\debug\graphics001.tlog\link.write.1.tlog
